<?xml version="1.0" encoding="UTF-8"?>
<!-- Generated by org.testng.reporters.JUnitReportReporter -->
<testsuite hostname="DESKTOP-IRBB8HI" failures="0" tests="1" name="ish.sms.admintest.Create_GradeTest" time="10.383" errors="0" timestamp="2023-07-13T12:05:36 IST" skipped="0">
  <testcase classname="ish.sms.admintest.Create_GradeTest" name="Create_GradeTest" time="10.383"/>
  <system-out/>
</testsuite> <!-- ish.sms.admintest.Create_GradeTest -->
