<?xml version="1.0" encoding="UTF-8"?>
<!-- Generated by org.testng.reporters.JUnitReportReporter -->
<testsuite hostname="DESKTOP-IRBB8HI" failures="0" tests="3" name="ish_practice.DataProviderPractice" time="0.017" errors="0" timestamp="2023-07-06T22:35:07 IST" skipped="0">
  <testcase classname="ish_practice.DataProviderPractice" name="addProduct" time="0.012"/>
  <system-out/>
  <testcase classname="ish_practice.DataProviderPractice" name="addProduct" time="0.003"/>
  <system-out/>
  <testcase classname="ish_practice.DataProviderPractice" name="addProduct" time="0.002"/>
  <system-out/>
</testsuite> <!-- ish_practice.DataProviderPractice -->
