<?xml version="1.0" encoding="UTF-8"?>
<!-- Generated by org.testng.reporters.JUnitReportReporter -->
<testsuite hostname="DESKTOP-IRBB8HI" failures="0" tests="1" name="Practice_1.Create_MyStudentTest" time="28.215" errors="0" timestamp="2023-07-11T18:01:30 IST" skipped="0">
  <testcase classname="Practice_1.Create_MyStudentTest" name="CreateMyStudentTest" time="28.215"/>
  <system-out/>
</testsuite> <!-- Practice_1.Create_MyStudentTest -->
