<?xml version="1.0" encoding="UTF-8"?>
<!-- Generated by org.testng.reporters.JUnitReportReporter -->
<testsuite hostname="DESKTOP-IRBB8HI" failures="0" tests="1" name="Practice_1.CreateTimetableTest" time="0.019" errors="0" timestamp="2023-07-11T17:06:22 IST" skipped="0">
  <testcase classname="Practice_1.CreateTimetableTest" name="RegSample" time="0.019"/>
  <system-out/>
</testsuite> <!-- Practice_1.CreateTimetableTest -->
