<?xml version="1.0" encoding="UTF-8"?>
<!-- Generated by org.testng.reporters.JUnitReportReporter -->
<testsuite hostname="DESKTOP-IRBB8HI" failures="0" tests="1" name="ish.sms.admintest.CreateGradeTest" time="21.025" errors="0" timestamp="2023-07-13T15:02:43 IST" skipped="0">
  <testcase classname="ish.sms.admintest.CreateGradeTest" name="Create_GradeTest" time="21.025"/>
  <system-out/>
</testsuite> <!-- ish.sms.admintest.CreateGradeTest -->
