<?xml version="1.0" encoding="UTF-8"?>
<!-- Generated by org.testng.reporters.JUnitReportReporter -->
<testsuite hostname="DESKTOP-IRBB8HI" failures="0" tests="1" name="Practice_1.Create_GradeTest" time="12.226" errors="0" timestamp="2023-07-11T15:20:48 IST" skipped="0">
  <testcase classname="Practice_1.Create_GradeTest" name="Create_GradeTest" time="12.226"/>
  <system-out/>
</testsuite> <!-- Practice_1.Create_GradeTest -->
